<?xml version="1.0" encoding="UTF-8"?>
<testsuite xmlns:xsi="http://www.w3.org/2001/XMLSchema-instance" xsi:noNamespaceSchemaLocation="https://maven.apache.org/surefire/maven-surefire-plugin/xsd/surefire-test-report.xsd" name="com.health.SchoolHealth.SchoolHealthApplicationTests" time="0.356" tests="1" errors="1" skipped="0" failures="0">
  <properties>
[...]
</properties>
  <testcase name="com.health.SchoolHealth.SchoolHealthApplicationTests" classname="com.health.SchoolHealth.SchoolHealthApplicationTests" time="0.354">
    <error message="Failed to read candidate component class: file [/home/mihael/Desktop/DiplomaWork/SchoolHealth/target/classes/com/health/SchoolHealth/SchoolHealthApplication.class]; nested exception is org.springframework.core.annotation.AnnotationConfigurationException: Attribute &apos;proxyBeanMethods&apos; in annotation [org.springframework.boot.autoconfigure.SpringBootApplication] is declared as an @AliasFor nonexistent attribute &apos;proxyBeanMethods&apos; in annotation [org.springframework.context.annotation.Configuration]." type="org.springframework.beans.factory.BeanDefinitionStoreException">org.springframework.beans.factory.BeanDefinitionStoreException: Failed to read candidate component class: file [/home/mihael/Desktop/DiplomaWork/SchoolHealth/target/classes/com/health/SchoolHealth/SchoolHealthApplication.class]; nested exception is org.springframework.core.annotation.AnnotationConfigurationException: Attribute 'proxyBeanMethods' in annotation [org.springframework.boot.autoconfigure.SpringBootApplication] is declared as an @AliasFor nonexistent attribute 'proxyBeanMethods' in annotation [org.springframework.context.annotation.Configuration].
Caused by: org.springframework.core.annotation.AnnotationConfigurationException: Attribute 'proxyBeanMethods' in annotation [org.springframework.boot.autoconfigure.SpringBootApplication] is declared as an @AliasFor nonexistent attribute 'proxyBeanMethods' in annotation [org.springframework.context.annotation.Configuration].
</error>
    <system-out><![CDATA[20:18:42.421 [main] DEBUG org.springframework.test.context.BootstrapUtils - Instantiating CacheAwareContextLoaderDelegate from class [org.springframework.test.context.cache.DefaultCacheAwareContextLoaderDelegate]
20:18:42.438 [main] DEBUG org.springframework.test.context.BootstrapUtils - Instantiating BootstrapContext using constructor [public org.springframework.test.context.support.DefaultBootstrapContext(java.lang.Class,org.springframework.test.context.CacheAwareContextLoaderDelegate)]
20:18:42.489 [main] DEBUG org.springframework.test.context.BootstrapUtils - Instantiating TestContextBootstrapper for test class [com.health.SchoolHealth.SchoolHealthApplicationTests] from class [org.springframework.boot.test.context.SpringBootTestContextBootstrapper]
20:18:42.505 [main] INFO org.springframework.boot.test.context.SpringBootTestContextBootstrapper - Neither @ContextConfiguration nor @ContextHierarchy found for test class [com.health.SchoolHealth.SchoolHealthApplicationTests], using SpringBootContextLoader
20:18:42.511 [main] DEBUG org.springframework.test.context.support.AbstractContextLoader - Did not detect default resource location for test class [com.health.SchoolHealth.SchoolHealthApplicationTests]: class path resource [com/health/SchoolHealth/SchoolHealthApplicationTests-context.xml] does not exist
20:18:42.512 [main] DEBUG org.springframework.test.context.support.AbstractContextLoader - Did not detect default resource location for test class [com.health.SchoolHealth.SchoolHealthApplicationTests]: class path resource [com/health/SchoolHealth/SchoolHealthApplicationTestsContext.groovy] does not exist
20:18:42.512 [main] INFO org.springframework.test.context.support.AbstractContextLoader - Could not detect default resource locations for test class [com.health.SchoolHealth.SchoolHealthApplicationTests]: no resource found for suffixes {-context.xml, Context.groovy}.
20:18:42.513 [main] INFO org.springframework.test.context.support.AnnotationConfigContextLoaderUtils - Could not detect default configuration classes for test class [com.health.SchoolHealth.SchoolHealthApplicationTests]: SchoolHealthApplicationTests does not declare any static, non-private, non-final, nested classes annotated with @Configuration.
20:18:42.582 [main] DEBUG org.springframework.test.context.support.ActiveProfilesUtils - Could not find an 'annotation declaring class' for annotation type [org.springframework.test.context.ActiveProfiles] and class [com.health.SchoolHealth.SchoolHealthApplicationTests]
20:18:42.650 [main] DEBUG org.springframework.test.context.BootstrapUtils - Instantiating CacheAwareContextLoaderDelegate from class [org.springframework.test.context.cache.DefaultCacheAwareContextLoaderDelegate]
20:18:42.650 [main] DEBUG org.springframework.test.context.BootstrapUtils - Instantiating BootstrapContext using constructor [public org.springframework.test.context.support.DefaultBootstrapContext(java.lang.Class,org.springframework.test.context.CacheAwareContextLoaderDelegate)]
20:18:42.652 [main] DEBUG org.springframework.test.context.BootstrapUtils - Instantiating TestContextBootstrapper for test class [com.health.SchoolHealth.SchoolHealthApplicationTests] from class [org.springframework.boot.test.context.SpringBootTestContextBootstrapper]
20:18:42.653 [main] INFO org.springframework.boot.test.context.SpringBootTestContextBootstrapper - Neither @ContextConfiguration nor @ContextHierarchy found for test class [com.health.SchoolHealth.SchoolHealthApplicationTests], using SpringBootContextLoader
20:18:42.654 [main] DEBUG org.springframework.test.context.support.AbstractContextLoader - Did not detect default resource location for test class [com.health.SchoolHealth.SchoolHealthApplicationTests]: class path resource [com/health/SchoolHealth/SchoolHealthApplicationTests-context.xml] does not exist
20:18:42.655 [main] DEBUG org.springframework.test.context.support.AbstractContextLoader - Did not detect default resource location for test class [com.health.SchoolHealth.SchoolHealthApplicationTests]: class path resource [com/health/SchoolHealth/SchoolHealthApplicationTestsContext.groovy] does not exist
20:18:42.655 [main] INFO org.springframework.test.context.support.AbstractContextLoader - Could not detect default resource locations for test class [com.health.SchoolHealth.SchoolHealthApplicationTests]: no resource found for suffixes {-context.xml, Context.groovy}.
20:18:42.656 [main] INFO org.springframework.test.context.support.AnnotationConfigContextLoaderUtils - Could not detect default configuration classes for test class [com.health.SchoolHealth.SchoolHealthApplicationTests]: SchoolHealthApplicationTests does not declare any static, non-private, non-final, nested classes annotated with @Configuration.
20:18:42.659 [main] DEBUG org.springframework.test.context.support.ActiveProfilesUtils - Could not find an 'annotation declaring class' for annotation type [org.springframework.test.context.ActiveProfiles] and class [com.health.SchoolHealth.SchoolHealthApplicationTests]
20:18:42.662 [main] DEBUG org.springframework.test.context.BootstrapUtils - Instantiating CacheAwareContextLoaderDelegate from class [org.springframework.test.context.cache.DefaultCacheAwareContextLoaderDelegate]
20:18:42.663 [main] DEBUG org.springframework.test.context.BootstrapUtils - Instantiating BootstrapContext using constructor [public org.springframework.test.context.support.DefaultBootstrapContext(java.lang.Class,org.springframework.test.context.CacheAwareContextLoaderDelegate)]
20:18:42.664 [main] DEBUG org.springframework.test.context.BootstrapUtils - Instantiating TestContextBootstrapper for test class [com.health.SchoolHealth.SchoolHealthApplicationTests] from class [org.springframework.boot.test.context.SpringBootTestContextBootstrapper]
20:18:42.665 [main] INFO org.springframework.boot.test.context.SpringBootTestContextBootstrapper - Neither @ContextConfiguration nor @ContextHierarchy found for test class [com.health.SchoolHealth.SchoolHealthApplicationTests], using SpringBootContextLoader
20:18:42.666 [main] DEBUG org.springframework.test.context.support.AbstractContextLoader - Did not detect default resource location for test class [com.health.SchoolHealth.SchoolHealthApplicationTests]: class path resource [com/health/SchoolHealth/SchoolHealthApplicationTests-context.xml] does not exist
20:18:42.666 [main] DEBUG org.springframework.test.context.support.AbstractContextLoader - Did not detect default resource location for test class [com.health.SchoolHealth.SchoolHealthApplicationTests]: class path resource [com/health/SchoolHealth/SchoolHealthApplicationTestsContext.groovy] does not exist
20:18:42.667 [main] INFO org.springframework.test.context.support.AbstractContextLoader - Could not detect default resource locations for test class [com.health.SchoolHealth.SchoolHealthApplicationTests]: no resource found for suffixes {-context.xml, Context.groovy}.
20:18:42.667 [main] INFO org.springframework.test.context.support.AnnotationConfigContextLoaderUtils - Could not detect default configuration classes for test class [com.health.SchoolHealth.SchoolHealthApplicationTests]: SchoolHealthApplicationTests does not declare any static, non-private, non-final, nested classes annotated with @Configuration.
20:18:42.670 [main] DEBUG org.springframework.test.context.support.ActiveProfilesUtils - Could not find an 'annotation declaring class' for annotation type [org.springframework.test.context.ActiveProfiles] and class [com.health.SchoolHealth.SchoolHealthApplicationTests]
]]></system-out>
  </testcase>
</testsuite>